<?xml version="1.0" encoding="UTF-8"?>
<testng-results skipped="0" failed="0" ignored="2" total="10" passed="8">
  <reporter-output>
  </reporter-output>
  <suite name="Default suite" duration-ms="59544" started-at="2023-03-13T11:34:25Z" finished-at="2023-03-13T11:35:24Z">
    <groups>
    </groups>
    <test name="Default test" duration-ms="59544" started-at="2023-03-13T11:34:25Z" finished-at="2023-03-13T11:35:24Z">
      <class name="org.test.HotelAdactin">
        <test-method status="PASS" signature="testA()[pri:0, instance:org.test.HotelAdactin@9660f4e]" name="testA" duration-ms="22073" started-at="2023-03-13T17:04:25Z" finished-at="2023-03-13T17:04:47Z">
          <reporter-output>
          </reporter-output>
        </test-method> <!-- testA -->
        <test-method status="PASS" signature="testLogin()[pri:8, instance:org.test.HotelAdactin@9660f4e]" name="testLogin" duration-ms="6641" started-at="2023-03-13T17:04:47Z" finished-at="2023-03-13T17:04:54Z">
          <reporter-output>
          </reporter-output>
        </test-method> <!-- testLogin -->
        <test-method status="PASS" signature="testUsername()[pri:11, instance:org.test.HotelAdactin@9660f4e]" name="testUsername" duration-ms="4763" started-at="2023-03-13T17:04:54Z" finished-at="2023-03-13T17:04:58Z">
          <reporter-output>
          </reporter-output>
        </test-method> <!-- testUsername -->
        <test-method status="PASS" signature="testRegister()[pri:12, instance:org.test.HotelAdactin@9660f4e]" name="testRegister" duration-ms="5843" started-at="2023-03-13T17:04:58Z" finished-at="2023-03-13T17:05:04Z">
          <reporter-output>
          </reporter-output>
        </test-method> <!-- testRegister -->
        <test-method status="PASS" signature="selectHotel()[pri:13, instance:org.test.HotelAdactin@9660f4e]" name="selectHotel" duration-ms="937" started-at="2023-03-13T17:05:04Z" finished-at="2023-03-13T17:05:05Z">
          <reporter-output>
          </reporter-output>
        </test-method> <!-- selectHotel -->
        <test-method status="PASS" signature="details()[pri:14, instance:org.test.HotelAdactin@9660f4e]" name="details" duration-ms="4392" started-at="2023-03-13T17:05:05Z" finished-at="2023-03-13T17:05:10Z">
          <reporter-output>
          </reporter-output>
        </test-method> <!-- details -->
        <test-method status="PASS" signature="cancel()[pri:15, instance:org.test.HotelAdactin@9660f4e]" name="cancel" duration-ms="11381" started-at="2023-03-13T17:05:10Z" finished-at="2023-03-13T17:05:21Z">
          <reporter-output>
          </reporter-output>
        </test-method> <!-- cancel -->
        <test-method status="PASS" signature="logout()[pri:16, instance:org.test.HotelAdactin@9660f4e]" name="logout" duration-ms="3430" started-at="2023-03-13T17:05:21Z" finished-at="2023-03-13T17:05:24Z">
          <reporter-output>
          </reporter-output>
        </test-method> <!-- logout -->
      </class> <!-- org.test.HotelAdactin -->
    </test> <!-- Default test -->
  </suite> <!-- Default suite -->
</testng-results>
